<?xml version="1.0" encoding="UTF-8"?>
<testng-results ignored="0" total="1" passed="1" failed="0" skipped="0">
  <reporter-output>
  </reporter-output>
  <suite started-at="2025-10-04T07:58:44 GMT-07:00" name="Default suite" finished-at="2025-10-04T07:58:59 GMT-07:00" duration-ms="15192">
    <groups>
    </groups>
    <test started-at="2025-10-04T07:58:44 GMT-07:00" name="Default test" finished-at="2025-10-04T07:58:59 GMT-07:00" duration-ms="15192">
      <class name="revisonPackage.Test1">
        <test-method signature="a()[pri:0, instance:revisonPackage.Test1@123ef382]" started-at="2025-10-04T07:58:44 GMT-07:00" name="a" finished-at="2025-10-04T07:58:59 GMT-07:00" duration-ms="15161" status="PASS">
          <reporter-output>
          </reporter-output>
        </test-method> <!-- a -->
      </class> <!-- revisonPackage.Test1 -->
    </test> <!-- Default test -->
  </suite> <!-- Default suite -->
</testng-results>
